<?xml version="1.0" encoding="UTF-8"?>
<!-- Generated by org.testng.reporters.JUnitXMLReporter -->
<testsuite hostname="LAPTOP-79BVRKRR" ignored="0" name="Default test" tests="5" failures="0" timestamp="2020-01-28T17:23:44 CST" time="108.81" errors="0">
  <testcase name="test" time="11.294" classname="com.class04.HW"/>
  <testcase name="test" time="10.174" classname="com.class04.HW"/>
  <testcase name="test" time="11.772" classname="com.class04.HW"/>
  <testcase name="test" time="11.397" classname="com.class04.HW"/>
  <testcase name="test" time="9.993" classname="com.class04.HW"/>
</testsuite> <!-- Default test -->
