<?xml version="1.0" encoding="UTF-8"?>
<!-- Generated by org.testng.reporters.JUnitXMLReporter -->
<testsuite hostname="LAPTOP-79BVRKRR" ignored="2" name="Car loan" tests="1" failures="0" timestamp="2020-01-17T12:35:55 CST" time="0.002" errors="0">
  <testcase name="MobileLogincarLoan" time="0.001" classname="com.class01.day3"/>
  <testcase name="LoginAPILoan" time="0.0" classname="com.class01.day3">
    <ignored/>
  </testcase> <!-- LoginAPILoan -->
  <testcase name="WebloginCarLoan" time="0.0" classname="com.class01.day3">
    <ignored/>
  </testcase> <!-- WebloginCarLoan -->
</testsuite> <!-- Car loan -->
