<?xml version="1.0" encoding="UTF-8"?>
<!-- Generated by org.testng.reporters.JUnitXMLReporter -->
<testsuite hostname="LAPTOP-79BVRKRR" ignored="0" name="Car" tests="3" failures="0" timestamp="2020-01-15T00:29:08 CST" time="0.007" errors="0">
  <testcase name="LoginAPILoan" time="0.001" classname="com.class01.day4"/>
  <testcase name="LoginAPIcarLoan" time="0.001" classname="com.class01.day4"/>
  <testcase name="WebloginCarLoan" time="0.001" classname="com.class01.day4"/>
</testsuite> <!-- Car -->
