<?xml version="1.0" encoding="UTF-8"?>
<!-- Generated by org.testng.reporters.JUnitXMLReporter -->
<testsuite hostname="LAPTOP-79BVRKRR" ignored="0" name="Personal department" tests="3" failures="0" timestamp="2020-01-15T00:00:20 CST" time="0.043" errors="0">
  <testcase name="Demo" time="0.008" classname="com.class01.day1"/>
  <testcase name="secondTest" time="0.002" classname="com.class01.day1"/>
  <testcase name="ploan" time="0.001" classname="com.class01.day2"/>
</testsuite> <!-- Personal department -->
