<?xml version="1.0" encoding="UTF-8"?>
<!-- Generated by org.testng.reporters.JUnitXMLReporter -->
<testsuite hostname="LAPTOP-79BVRKRR" ignored="0" name="Personal loan" tests="9" failures="0" timestamp="2020-01-17T12:49:09 CST" time="0.059" errors="0">
  <testcase name="Demo" time="0.009" classname="Test.day1"/>
  <testcase name="secondTest" time="0.0" classname="Test.day1"/>
  <testcase name="ploan" time="0.0" classname="Test.day2"/>
  <testcase name="LoginAPILoan" time="0.001" classname="Test.day3"/>
  <testcase name="MobileLogincarLoan" time="0.001" classname="Test.day3"/>
  <testcase name="WebloginCarLoan" time="0.001" classname="Test.day3"/>
  <testcase name="LoginAPILoan" time="0.002" classname="Test.day4"/>
  <testcase name="LoginAPIcarLoan" time="0.001" classname="Test.day4"/>
  <testcase name="WebloginCarLoan" time="0.001" classname="Test.day4"/>
</testsuite> <!-- Personal loan -->
